0 info it worked if it ends with ok
1 verbose cli [ '/usr/local/bin/node',
1 verbose cli   '/usr/local/bin/npm',
1 verbose cli   'install',
1 verbose cli   '-g',
1 verbose cli   'bower' ]
2 info using npm@3.5.2
3 info using node@v4.2.3
4 silly loadCurrentTree Starting
5 silly install loadCurrentTree
6 silly install readGlobalPackageData
7 silly fetchPackageMetaData bower
8 silly fetchNamedPackageData bower
9 silly mapToRegistry name bower
10 silly mapToRegistry using default registry
11 silly mapToRegistry registry https://registry.npmjs.org/
12 silly mapToRegistry uri https://registry.npmjs.org/bower
13 verbose request uri https://registry.npmjs.org/bower
14 verbose request no auth needed
15 info attempt registry request try #1 at 4:39:56 PM
16 verbose request id 3380e84d41156e86
17 verbose etag "DAFA6DH1DFZ44HGODT1YZ4KIH"
18 http request GET https://registry.npmjs.org/bower
19 http 304 https://registry.npmjs.org/bower
20 verbose headers { date: 'Tue, 05 Jul 2016 21:39:56 GMT',
20 verbose headers   via: '1.1 varnish',
20 verbose headers   'cache-control': 'max-age=300',
20 verbose headers   etag: '"DAFA6DH1DFZ44HGODT1YZ4KIH"',
20 verbose headers   age: '229',
20 verbose headers   connection: 'keep-alive',
20 verbose headers   'x-served-by': 'cache-lax1443-LAX',
20 verbose headers   'x-cache': 'HIT',
20 verbose headers   'x-cache-hits': '3',
20 verbose headers   'x-timer': 'S1467754796.390394,VS0,VE0',
20 verbose headers   vary: 'Accept-Encoding' }
21 silly get cb [ 304,
21 silly get   { date: 'Tue, 05 Jul 2016 21:39:56 GMT',
21 silly get     via: '1.1 varnish',
21 silly get     'cache-control': 'max-age=300',
21 silly get     etag: '"DAFA6DH1DFZ44HGODT1YZ4KIH"',
21 silly get     age: '229',
21 silly get     connection: 'keep-alive',
21 silly get     'x-served-by': 'cache-lax1443-LAX',
21 silly get     'x-cache': 'HIT',
21 silly get     'x-cache-hits': '3',
21 silly get     'x-timer': 'S1467754796.390394,VS0,VE0',
21 silly get     vary: 'Accept-Encoding' } ]
22 verbose etag https://registry.npmjs.org/bower from cache
23 verbose get saving bower to /Users/JJOL/.npm/registry.npmjs.org/bower/.cache.json
24 silly install normalizeTree
25 silly loadCurrentTree Finishing
26 silly loadIdealTree Starting
27 silly install loadIdealTree
28 silly cloneCurrentTree Starting
29 silly install cloneCurrentTreeToIdealTree
30 silly cloneCurrentTree Finishing
31 silly loadShrinkwrap Starting
32 silly install loadShrinkwrap
33 silly loadShrinkwrap Finishing
34 silly loadAllDepsIntoIdealTree Starting
35 silly install loadAllDepsIntoIdealTree
36 silly resolveWithNewModule bower@1.7.9 checking installable status
37 silly cache add args [ 'bower', null ]
38 verbose cache add spec bower
39 silly cache add parsed spec Result {
39 silly cache add   raw: 'bower',
39 silly cache add   scope: null,
39 silly cache add   name: 'bower',
39 silly cache add   rawSpec: '',
39 silly cache add   spec: 'latest',
39 silly cache add   type: 'tag' }
40 silly addNamed bower@latest
41 verbose addNamed "latest" is being treated as a dist-tag for bower
42 info addNameTag [ 'bower', 'latest' ]
43 silly mapToRegistry name bower
44 silly mapToRegistry using default registry
45 silly mapToRegistry registry https://registry.npmjs.org/
46 silly mapToRegistry uri https://registry.npmjs.org/bower
47 verbose addNameTag registry:https://registry.npmjs.org/bower not in flight; fetching
48 verbose get https://registry.npmjs.org/bower not expired, no request
49 silly addNameTag next cb for bower with tag latest
50 silly addNamed bower@1.7.9
51 verbose addNamed "1.7.9" is a plain semver version for bower
52 silly cache afterAdd bower@1.7.9
53 verbose afterAdd /Users/JJOL/.npm/bower/1.7.9/package/package.json not in flight; writing
54 verbose afterAdd /Users/JJOL/.npm/bower/1.7.9/package/package.json written
55 silly loadAllDepsIntoIdealTree Finishing
56 silly idealTree:prePrune lib
56 silly idealTree:prePrune └── bower@1.7.9
57 silly loadIdealTree Finishing
58 silly currentTree lib
58 silly currentTree └─┬ bower@1.7.7
58 silly currentTree   ├─┬ cardinal
58 silly currentTree   │ └── redeyed
58 silly currentTree   ├─┬ configstore
58 silly currentTree   │ └── js-yaml
58 silly currentTree   ├─┬ decompress-zip
58 silly currentTree   │ └── touch
58 silly currentTree   ├── github
58 silly currentTree   ├── handlebars
58 silly currentTree   ├─┬ insight
58 silly currentTree   │ └─┬ os-name
58 silly currentTree   │   └── win-release
58 silly currentTree   ├── request
58 silly currentTree   └─┬ update-notifier
58 silly currentTree     ├─┬ latest-version
58 silly currentTree     │ └─┬ package-json
58 silly currentTree     │   └── rc
58 silly currentTree     └── semver-diff
59 silly idealTree lib
59 silly idealTree └── bower@1.7.9
60 silly generateActionsToTake Starting
61 silly install generateActionsToTake
62 warn checkPermissions Missing write access to /usr/local/lib/node_modules/bower
63 warn checkPermissions Missing write access to /usr/local/lib/node_modules/bower/node_modules/cardinal
64 warn checkPermissions Missing write access to /usr/local/lib/node_modules/bower/node_modules/cardinal/node_modules/redeyed
65 warn checkPermissions Missing write access to /usr/local/lib/node_modules/bower/node_modules/configstore
66 warn checkPermissions Missing write access to /usr/local/lib/node_modules/bower/node_modules/configstore/node_modules/js-yaml
67 warn checkPermissions Missing write access to /usr/local/lib/node_modules/bower/node_modules/decompress-zip
68 warn checkPermissions Missing write access to /usr/local/lib/node_modules/bower/node_modules/decompress-zip/node_modules/touch
69 warn checkPermissions Missing write access to /usr/local/lib/node_modules/bower/node_modules/github
70 warn checkPermissions Missing write access to /usr/local/lib/node_modules/bower/node_modules/handlebars
71 warn checkPermissions Missing write access to /usr/local/lib/node_modules/bower/node_modules/insight
72 warn checkPermissions Missing write access to /usr/local/lib/node_modules/bower/node_modules/insight/node_modules/os-name
73 warn checkPermissions Missing write access to /usr/local/lib/node_modules/bower/node_modules/insight/node_modules/os-name/node_modules/win-release
74 warn checkPermissions Missing write access to /usr/local/lib/node_modules/bower/node_modules/request
75 warn checkPermissions Missing write access to /usr/local/lib/node_modules/bower/node_modules/update-notifier
76 warn checkPermissions Missing write access to /usr/local/lib/node_modules/bower/node_modules/update-notifier/node_modules/latest-version
77 warn checkPermissions Missing write access to /usr/local/lib/node_modules/bower/node_modules/update-notifier/node_modules/latest-version/node_modules/package-json
78 warn checkPermissions Missing write access to /usr/local/lib/node_modules/bower/node_modules/update-notifier/node_modules/latest-version/node_modules/package-json/node_modules/rc
79 warn checkPermissions Missing write access to /usr/local/lib/node_modules/bower/node_modules/update-notifier/node_modules/semver-diff
80 warn checkPermissions Missing write access to /usr/local/lib/node_modules/bower/node_modules
81 warn checkPermissions Missing write access to /usr/local/lib/node_modules/bower/node_modules/cardinal/node_modules
82 warn checkPermissions Missing write access to /usr/local/lib/node_modules/bower/node_modules/configstore/node_modules
83 warn checkPermissions Missing write access to /usr/local/lib/node_modules/bower/node_modules/decompress-zip/node_modules
84 warn checkPermissions Missing write access to /usr/local/lib/node_modules/bower/node_modules/insight/node_modules
85 warn checkPermissions Missing write access to /usr/local/lib/node_modules/bower/node_modules/insight/node_modules/os-name/node_modules
86 warn checkPermissions Missing write access to /usr/local/lib/node_modules/bower/node_modules/update-notifier/node_modules
87 warn checkPermissions Missing write access to /usr/local/lib/node_modules/bower/node_modules/update-notifier/node_modules/latest-version/node_modules
88 warn checkPermissions Missing write access to /usr/local/lib/node_modules/bower/node_modules/update-notifier/node_modules/latest-version/node_modules/package-json/node_modules
89 silly rollbackFailedOptional Starting
90 silly rollbackFailedOptional Finishing
91 silly runTopLevelLifecycles Starting
92 silly runTopLevelLifecycles Finishing
93 silly install printInstalled
94 verbose stack Error: EACCES: permission denied, access '/usr/local/lib/node_modules/bower'
94 verbose stack     at Error (native)
95 verbose cwd /Users/JJOL/Documents/CodeProjects/TJMUN/tjmun-repo/tjmun-website/simple-prototype-1
96 error Darwin 15.5.0
97 error argv "/usr/local/bin/node" "/usr/local/bin/npm" "install" "-g" "bower"
98 error node v4.2.3
99 error npm  v3.5.2
100 error path /usr/local/lib/node_modules/bower
101 error code EACCES
102 error errno -13
103 error syscall access
104 error Error: EACCES: permission denied, access '/usr/local/lib/node_modules/bower'
104 error     at Error (native)
104 error  { [Error: EACCES: permission denied, access '/usr/local/lib/node_modules/bower']
104 error   errno: -13,
104 error   code: 'EACCES',
104 error   syscall: 'access',
104 error   path: '/usr/local/lib/node_modules/bower' }
105 error Please try running this command again as root/Administrator.
106 verbose exit [ -13, true ]
